<?xml version="1.0" encoding="utf-8"?><testsuites name="pytest tests"><testsuite name="pytest" errors="0" failures="0" skipped="0" tests="16" time="2.242" timestamp="2026-06-17T05:59:06.520673+00:00" hostname="agent-env-19ff8312-14fa-4f5a-97f1-6a1c3585d27c"><testcase classname="backend.tests.test_iteration10" name="test_root_says_paper_fly" time="0.311" /><testcase classname="backend.tests.test_iteration10" name="test_save_roundtrip" time="0.120" /><testcase classname="backend.tests.test_iteration10" name="test_save_unknown_code_404" time="0.045" /><testcase classname="backend.tests.test_iteration10" name="test_owned_skins_empty_default" time="0.048" /><testcase classname="backend.tests.test_iteration10" name="test_verify_consumable_grants[keys_1-1]" time="0.090" /><testcase classname="backend.tests.test_iteration10" name="test_verify_consumable_grants[keys_5-6]" time="0.049" /><testcase classname="backend.tests.test_iteration10" name="test_verify_consumable_grants[keys_10-12]" time="0.049" /><testcase classname="backend.tests.test_iteration10" name="test_verify_consumable_idempotent" time="0.131" /><testcase classname="backend.tests.test_iteration10" name="test_verify_consumable_unknown_product" time="0.042" /><testcase classname="backend.tests.test_iteration10" name="test_verify_consumable_bad_platform" time="0.043" /><testcase classname="backend.tests.test_iteration10" name="test_verify_iap_skin" time="0.096" /><testcase classname="backend.tests.test_iteration10" name="test_leaderboard_submit_and_list" time="0.191" /><testcase classname="backend.tests.test_iteration10" name="test_leaderboard_keeps_best_per_device" time="0.224" /><testcase classname="backend.tests.test_iteration10" name="test_leaderboard_anonymous_name_fallback" time="0.099" /><testcase classname="backend.tests.test_iteration10" name="test_leaderboard_bad_score_rejected" time="0.084" /><testcase classname="backend.tests.test_iteration10" name="test_leaderboard_missing_seed" time="0.046" /></testsuite></testsuites>