<?xml version="1.0" encoding="utf-8"?><testsuites name="pytest tests"><testsuite name="pytest" errors="0" failures="0" skipped="0" tests="8" time="6.312" timestamp="2026-04-28T18:54:38.016767+00:00" hostname="agent-env-6c4f1e3a-52af-4f92-9532-221c74db85b8"><testcase classname="tests.test_iteration9.TestHealth" name="test_root_ok" time="0.521" /><testcase classname="tests.test_iteration9.TestSaveRestore" name="test_1_save_create" time="0.192" /><testcase classname="tests.test_iteration9.TestSaveRestore" name="test_2_save_fetch" time="0.098" /><testcase classname="tests.test_iteration9.TestSaveRestore" name="test_3_save_fetch_unknown_404_json" time="0.076" /><testcase classname="tests.test_iteration9.TestStripeCheckout" name="test_4_create_session_valid_skin" time="2.427" /><testcase classname="tests.test_iteration9.TestStripeCheckout" name="test_5_create_session_unknown_skin_400" time="0.063" /><testcase classname="tests.test_iteration9.TestStripeCheckout" name="test_6_status_unknown_session_returns_404_json" time="0.244" /><testcase classname="tests.test_iteration9.TestOwnedSkins" name="test_7_owned_skins_unknown_device" time="0.063" /></testsuite></testsuites>