<?xml version="1.0" encoding="utf-8"?><testsuites name="pytest tests"><testsuite name="pytest" errors="0" failures="0" skipped="0" tests="16" time="2.360" timestamp="2026-06-17T06:15:53.856766+00:00" hostname="agent-env-19ff8312-14fa-4f5a-97f1-6a1c3585d27c"><testcase classname="backend.tests.test_iteration10" name="test_root_says_paper_fly" time="0.302" /><testcase classname="backend.tests.test_iteration10" name="test_save_roundtrip" time="0.103" /><testcase classname="backend.tests.test_iteration10" name="test_save_unknown_code_404" time="0.047" /><testcase classname="backend.tests.test_iteration10" name="test_owned_skins_empty_default" time="0.045" /><testcase classname="backend.tests.test_iteration10" name="test_verify_consumable_grants[keys_1-1]" time="0.055" /><testcase classname="backend.tests.test_iteration10" name="test_verify_consumable_grants[keys_5-6]" time="0.051" /><testcase classname="backend.tests.test_iteration10" name="test_verify_consumable_grants[keys_10-12]" time="0.057" /><testcase classname="backend.tests.test_iteration10" name="test_verify_consumable_idempotent" time="0.095" /><testcase classname="backend.tests.test_iteration10" name="test_verify_consumable_unknown_product" time="0.048" /><testcase classname="backend.tests.test_iteration10" name="test_verify_consumable_bad_platform" time="0.049" /><testcase classname="backend.tests.test_iteration10" name="test_verify_iap_skin" time="0.115" /><testcase classname="backend.tests.test_iteration10" name="test_leaderboard_submit_and_list" time="0.163" /><testcase classname="backend.tests.test_iteration10" name="test_leaderboard_keeps_best_per_device" time="0.186" /><testcase classname="backend.tests.test_iteration10" name="test_leaderboard_anonymous_name_fallback" time="0.154" /><testcase classname="backend.tests.test_iteration10" name="test_leaderboard_bad_score_rejected" time="0.091" /><testcase classname="backend.tests.test_iteration10" name="test_leaderboard_missing_seed" time="0.047" /></testsuite></testsuites>